<?xml version="1.0" encoding="UTF-8"?>
<testsuites name="jest tests" tests="9" failures="0" errors="0" time="30.16">
  <testsuite name="undefined" errors="0" failures="0" skipped="0" timestamp="2023-10-25T09:46:57" time="20.435" tests="1">
    <testcase classname=" renders the home component" name=" renders the home component" time="0.394">
    </testcase>
  </testsuite>
  <testsuite name="undefined" errors="0" failures="0" skipped="0" timestamp="2023-10-25T09:46:57" time="20.688" tests="1">
    <testcase classname=" renders ResetPassword and triggers onSubmit" name=" renders ResetPassword and triggers onSubmit" time="0.543">
    </testcase>
  </testsuite>
  <testsuite name="undefined" errors="0" failures="0" skipped="0" timestamp="2023-10-25T09:46:57" time="20.701" tests="1">
    <testcase classname=" renders without crashing" name=" renders without crashing" time="0.263">
    </testcase>
  </testsuite>
  <testsuite name="Login" errors="0" failures="0" skipped="0" timestamp="2023-10-25T09:46:57" time="28.681" tests="1">
    <testcase classname="Login renders login elements" name="Login renders login elements" time="0.263">
    </testcase>
  </testsuite>
  <testsuite name="ForgetPassword" errors="0" failures="0" skipped="0" timestamp="2023-10-25T09:46:57" time="29.405" tests="2">
    <testcase classname="ForgetPassword renders ForgetPassword component" name="ForgetPassword renders ForgetPassword component" time="0.155">
    </testcase>
    <testcase classname="ForgetPassword show notification on successful password reset" name="ForgetPassword show notification on successful password reset" time="0.122">
    </testcase>
  </testsuite>
  <testsuite name="Login" errors="0" failures="0" skipped="0" timestamp="2023-10-25T09:46:57" time="29.422" tests="3">
    <testcase classname="Login renders correctly" name="Login renders correctly" time="0.245">
    </testcase>
    <testcase classname="Login shows an error if the form is submitted without a username" name="Login shows an error if the form is submitted without a username" time="0.56">
    </testcase>
    <testcase classname="Login shows an error if the form is submitted without a password" name="Login shows an error if the form is submitted without a password" time="0.194">
    </testcase>
  </testsuite>
</testsuites>