<?xml version="1.0" encoding="UTF-8"?>
<testsuites name="jest tests" tests="12" failures="0" errors="0" time="22.265">
  <testsuite name="Home Component" errors="0" failures="0" skipped="0" timestamp="2023-10-31T14:40:25" time="13.851" tests="1">
    <testcase classname="Home Component renders the &quot;All Events&quot; title" name="Home Component renders the &quot;All Events&quot; title" time="0.403">
    </testcase>
  </testsuite>
  <testsuite name="Home Component" errors="0" failures="0" skipped="0" timestamp="2023-10-31T14:40:25" time="14.093" tests="1">
    <testcase classname="Home Component renders the home component with events" name="Home Component renders the home component with events" time="0.427">
    </testcase>
  </testsuite>
  <testsuite name="undefined" errors="0" failures="0" skipped="0" timestamp="2023-10-31T14:40:25" time="19.185" tests="2">
    <testcase classname=" renders ForgetPassword component" name=" renders ForgetPassword component" time="0.363">
    </testcase>
    <testcase classname=" show notification on successful password reset" name=" show notification on successful password reset" time="0.165">
    </testcase>
  </testsuite>
  <testsuite name="ForgetPassword UI" errors="0" failures="0" skipped="0" timestamp="2023-10-31T14:40:25" time="19.294" tests="2">
    <testcase classname="ForgetPassword UI renders the ForgetPassword component" name="ForgetPassword UI renders the ForgetPassword component" time="0.355">
    </testcase>
    <testcase classname="ForgetPassword UI shows notification on successful password reset" name="ForgetPassword UI shows notification on successful password reset" time="0.204">
    </testcase>
  </testsuite>
  <testsuite name="ForgetPassword" errors="0" failures="0" skipped="0" timestamp="2023-10-31T14:40:25" time="19.469" tests="2">
    <testcase classname="ForgetPassword renders ForgetPassword component" name="ForgetPassword renders ForgetPassword component" time="0.377">
    </testcase>
    <testcase classname="ForgetPassword show notification on successful password reset" name="ForgetPassword show notification on successful password reset" time="0.184">
    </testcase>
  </testsuite>
  <testsuite name="Login" errors="0" failures="0" skipped="0" timestamp="2023-10-31T14:40:25" time="19.641" tests="1">
    <testcase classname="Login renders login elements" name="Login renders login elements" time="0.445">
    </testcase>
  </testsuite>
  <testsuite name="Login" errors="0" failures="0" skipped="0" timestamp="2023-10-31T14:40:25" time="20.432" tests="3">
    <testcase classname="Login renders correctly" name="Login renders correctly" time="0.433">
    </testcase>
    <testcase classname="Login shows an error if the form is submitted without a username" name="Login shows an error if the form is submitted without a username" time="0.497">
    </testcase>
    <testcase classname="Login shows an error if the form is submitted without a password" name="Login shows an error if the form is submitted without a password" time="0.278">
    </testcase>
  </testsuite>
</testsuites>