<?xml version="1.0" encoding="UTF-8"?>
<testsuites name="jest tests" tests="2" failures="0" errors="0" time="10.796">
  <testsuite name="Home Component" errors="0" failures="0" skipped="0" timestamp="2023-10-31T14:18:14" time="9.744" tests="1">
    <testcase classname="Home Component renders the home component with events" name="Home Component renders the home component with events" time="0.241">
    </testcase>
  </testsuite>
  <testsuite name="Home Component" errors="0" failures="0" skipped="0" timestamp="2023-10-31T14:18:14" time="9.761" tests="1">
    <testcase classname="Home Component renders the &quot;All Events&quot; title" name="Home Component renders the &quot;All Events&quot; title" time="0.244">
    </testcase>
  </testsuite>
</testsuites>